<?xml version="1.0" encoding="UTF-8"?>
<!-- Generated by org.testng.reporters.JUnitReportReporter -->
<testsuite skipped="0" hostname="ICON" name="DriverFactory.DataDrivenDriversScript" tests="1" failures="0" timestamp="31 Jan 2022 13:40:31 GMT" time="27.616" errors="0">
  <testcase name="verifyLogin" time="27.616" classname="DriverFactory.DataDrivenDriversScript"/>
</testsuite> <!-- DriverFactory.DataDrivenDriversScript -->
