<?xml version="1.0" encoding="UTF-8"?>
<!-- Generated by org.testng.reporters.JUnitReportReporter -->
<testsuite skipped="0" hostname="ICON" name="DriverFactory.DriverScript" tests="1" failures="0" timestamp="31 Jan 2022 13:40:31 GMT" time="84.249" errors="0">
  <testcase name="startTest" time="84.249" classname="DriverFactory.DriverScript"/>
</testsuite> <!-- DriverFactory.DriverScript -->
