<?xml version="1.0" encoding="UTF-8"?>
<!-- Generated by org.testng.reporters.JUnitReportReporter -->
<testsuite skipped="0" hostname="ICON" name="DriverFactory.TestScript" tests="1" failures="0" timestamp="31 Jan 2022 13:40:31 GMT" time="22.195" errors="0">
  <testcase name="employeecreation" time="22.195" classname="DriverFactory.TestScript"/>
</testsuite> <!-- DriverFactory.TestScript -->
